Invoking command in '/home/cmuehrke/ros2/labcegor_ws/src/labcegor/labcegor-bringup/build/labcegor-bringup': CMAKE_PREFIX_PATH=${CMAKE_PREFIX_PATH}:/home/cmuehrke/ros2/deps_clips_executive_ws/install/rclpy_cascade_lifecycle DEBUGINFOD_URLS=https://debuginfod.fedoraproject.org/ OLDPWD=${OLDPWD}
BASH_FUNC_ml%%=() {  eval "$($LMOD_DIR/ml_cmd "$@")"
}
BASH_FUNC_module%%=() {  if [ -z "${LMOD_SH_DBG_ON+x}" ]; then
 case "$-" in
 *v*x*)
 __lmod_sh_dbg='vx'
 ;;
 *v*)
 __lmod_sh_dbg='v'
 ;;
 *x*)
 __lmod_sh_dbg='x'
 ;;
 esac;
 fi;
 if [ -n "${__lmod_sh_dbg:-}" ]; then
 set +$__lmod_sh_dbg;
 echo "Shell debugging temporarily silenced: export LMOD_SH_DBG_ON=1 for Lmod's output" 1>&2;
 fi;
 eval "$($LMOD_CMD shell "$@")" && eval "$(${LMOD_SETTARG_CMD:-:} -s sh)";
 __lmod_my_status=$?;
 if [ -n "${__lmod_sh_dbg:-}" ]; then
 echo "Shell debugging restarted" 1>&2;
 set -$__lmod_sh_dbg;
 fi;
 unset __lmod_sh_dbg;
 return $__lmod_my_status
} _=/usr/bin/env /usr/bin/cmake /home/cmuehrke/ros2/labcegor_ws/src/labcegor/labcegor-bringup -DCMAKE_BUILD_TYPE=Debug -DBUILD_TESTING=OFF -DAMENT_CMAKE_SYMLINK_INSTALL=1 -DCMAKE_INSTALL_PREFIX=/home/cmuehrke/ros2/labcegor_ws/src/labcegor/labcegor-bringup/install/labcegor-bringup
Invoked command in '/home/cmuehrke/ros2/labcegor_ws/src/labcegor/labcegor-bringup/build/labcegor-bringup' returned '0': CMAKE_PREFIX_PATH=${CMAKE_PREFIX_PATH}:/home/cmuehrke/ros2/deps_clips_executive_ws/install/rclpy_cascade_lifecycle DEBUGINFOD_URLS=https://debuginfod.fedoraproject.org/ OLDPWD=${OLDPWD}
BASH_FUNC_ml%%=() {  eval "$($LMOD_DIR/ml_cmd "$@")"
}
BASH_FUNC_module%%=() {  if [ -z "${LMOD_SH_DBG_ON+x}" ]; then
 case "$-" in
 *v*x*)
 __lmod_sh_dbg='vx'
 ;;
 *v*)
 __lmod_sh_dbg='v'
 ;;
 *x*)
 __lmod_sh_dbg='x'
 ;;
 esac;
 fi;
 if [ -n "${__lmod_sh_dbg:-}" ]; then
 set +$__lmod_sh_dbg;
 echo "Shell debugging temporarily silenced: export LMOD_SH_DBG_ON=1 for Lmod's output" 1>&2;
 fi;
 eval "$($LMOD_CMD shell "$@")" && eval "$(${LMOD_SETTARG_CMD:-:} -s sh)";
 __lmod_my_status=$?;
 if [ -n "${__lmod_sh_dbg:-}" ]; then
 echo "Shell debugging restarted" 1>&2;
 set -$__lmod_sh_dbg;
 fi;
 unset __lmod_sh_dbg;
 return $__lmod_my_status
} _=/usr/bin/env /usr/bin/cmake /home/cmuehrke/ros2/labcegor_ws/src/labcegor/labcegor-bringup -DCMAKE_BUILD_TYPE=Debug -DBUILD_TESTING=OFF -DAMENT_CMAKE_SYMLINK_INSTALL=1 -DCMAKE_INSTALL_PREFIX=/home/cmuehrke/ros2/labcegor_ws/src/labcegor/labcegor-bringup/install/labcegor-bringup
Invoking command in '/home/cmuehrke/ros2/labcegor_ws/src/labcegor/labcegor-bringup/build/labcegor-bringup': CMAKE_PREFIX_PATH=${CMAKE_PREFIX_PATH}:/home/cmuehrke/ros2/deps_clips_executive_ws/install/rclpy_cascade_lifecycle DEBUGINFOD_URLS=https://debuginfod.fedoraproject.org/ OLDPWD=${OLDPWD}
BASH_FUNC_ml%%=() {  eval "$($LMOD_DIR/ml_cmd "$@")"
}
BASH_FUNC_module%%=() {  if [ -z "${LMOD_SH_DBG_ON+x}" ]; then
 case "$-" in
 *v*x*)
 __lmod_sh_dbg='vx'
 ;;
 *v*)
 __lmod_sh_dbg='v'
 ;;
 *x*)
 __lmod_sh_dbg='x'
 ;;
 esac;
 fi;
 if [ -n "${__lmod_sh_dbg:-}" ]; then
 set +$__lmod_sh_dbg;
 echo "Shell debugging temporarily silenced: export LMOD_SH_DBG_ON=1 for Lmod's output" 1>&2;
 fi;
 eval "$($LMOD_CMD shell "$@")" && eval "$(${LMOD_SETTARG_CMD:-:} -s sh)";
 __lmod_my_status=$?;
 if [ -n "${__lmod_sh_dbg:-}" ]; then
 echo "Shell debugging restarted" 1>&2;
 set -$__lmod_sh_dbg;
 fi;
 unset __lmod_sh_dbg;
 return $__lmod_my_status
} _=/usr/bin/env /usr/bin/cmake --build /home/cmuehrke/ros2/labcegor_ws/src/labcegor/labcegor-bringup/build/labcegor-bringup -- -j16 -l16
Invoked command in '/home/cmuehrke/ros2/labcegor_ws/src/labcegor/labcegor-bringup/build/labcegor-bringup' returned '0': CMAKE_PREFIX_PATH=${CMAKE_PREFIX_PATH}:/home/cmuehrke/ros2/deps_clips_executive_ws/install/rclpy_cascade_lifecycle DEBUGINFOD_URLS=https://debuginfod.fedoraproject.org/ OLDPWD=${OLDPWD}
BASH_FUNC_ml%%=() {  eval "$($LMOD_DIR/ml_cmd "$@")"
}
BASH_FUNC_module%%=() {  if [ -z "${LMOD_SH_DBG_ON+x}" ]; then
 case "$-" in
 *v*x*)
 __lmod_sh_dbg='vx'
 ;;
 *v*)
 __lmod_sh_dbg='v'
 ;;
 *x*)
 __lmod_sh_dbg='x'
 ;;
 esac;
 fi;
 if [ -n "${__lmod_sh_dbg:-}" ]; then
 set +$__lmod_sh_dbg;
 echo "Shell debugging temporarily silenced: export LMOD_SH_DBG_ON=1 for Lmod's output" 1>&2;
 fi;
 eval "$($LMOD_CMD shell "$@")" && eval "$(${LMOD_SETTARG_CMD:-:} -s sh)";
 __lmod_my_status=$?;
 if [ -n "${__lmod_sh_dbg:-}" ]; then
 echo "Shell debugging restarted" 1>&2;
 set -$__lmod_sh_dbg;
 fi;
 unset __lmod_sh_dbg;
 return $__lmod_my_status
} _=/usr/bin/env /usr/bin/cmake --build /home/cmuehrke/ros2/labcegor_ws/src/labcegor/labcegor-bringup/build/labcegor-bringup -- -j16 -l16
Invoking command in '/home/cmuehrke/ros2/labcegor_ws/src/labcegor/labcegor-bringup/build/labcegor-bringup': CMAKE_PREFIX_PATH=${CMAKE_PREFIX_PATH}:/home/cmuehrke/ros2/deps_clips_executive_ws/install/rclpy_cascade_lifecycle DEBUGINFOD_URLS=https://debuginfod.fedoraproject.org/ OLDPWD=${OLDPWD}
BASH_FUNC_ml%%=() {  eval "$($LMOD_DIR/ml_cmd "$@")"
}
BASH_FUNC_module%%=() {  if [ -z "${LMOD_SH_DBG_ON+x}" ]; then
 case "$-" in
 *v*x*)
 __lmod_sh_dbg='vx'
 ;;
 *v*)
 __lmod_sh_dbg='v'
 ;;
 *x*)
 __lmod_sh_dbg='x'
 ;;
 esac;
 fi;
 if [ -n "${__lmod_sh_dbg:-}" ]; then
 set +$__lmod_sh_dbg;
 echo "Shell debugging temporarily silenced: export LMOD_SH_DBG_ON=1 for Lmod's output" 1>&2;
 fi;
 eval "$($LMOD_CMD shell "$@")" && eval "$(${LMOD_SETTARG_CMD:-:} -s sh)";
 __lmod_my_status=$?;
 if [ -n "${__lmod_sh_dbg:-}" ]; then
 echo "Shell debugging restarted" 1>&2;
 set -$__lmod_sh_dbg;
 fi;
 unset __lmod_sh_dbg;
 return $__lmod_my_status
} _=/usr/bin/env /usr/bin/cmake --install /home/cmuehrke/ros2/labcegor_ws/src/labcegor/labcegor-bringup/build/labcegor-bringup
Invoked command in '/home/cmuehrke/ros2/labcegor_ws/src/labcegor/labcegor-bringup/build/labcegor-bringup' returned '1': CMAKE_PREFIX_PATH=${CMAKE_PREFIX_PATH}:/home/cmuehrke/ros2/deps_clips_executive_ws/install/rclpy_cascade_lifecycle DEBUGINFOD_URLS=https://debuginfod.fedoraproject.org/ OLDPWD=${OLDPWD}
BASH_FUNC_ml%%=() {  eval "$($LMOD_DIR/ml_cmd "$@")"
}
BASH_FUNC_module%%=() {  if [ -z "${LMOD_SH_DBG_ON+x}" ]; then
 case "$-" in
 *v*x*)
 __lmod_sh_dbg='vx'
 ;;
 *v*)
 __lmod_sh_dbg='v'
 ;;
 *x*)
 __lmod_sh_dbg='x'
 ;;
 esac;
 fi;
 if [ -n "${__lmod_sh_dbg:-}" ]; then
 set +$__lmod_sh_dbg;
 echo "Shell debugging temporarily silenced: export LMOD_SH_DBG_ON=1 for Lmod's output" 1>&2;
 fi;
 eval "$($LMOD_CMD shell "$@")" && eval "$(${LMOD_SETTARG_CMD:-:} -s sh)";
 __lmod_my_status=$?;
 if [ -n "${__lmod_sh_dbg:-}" ]; then
 echo "Shell debugging restarted" 1>&2;
 set -$__lmod_sh_dbg;
 fi;
 unset __lmod_sh_dbg;
 return $__lmod_my_status
} _=/usr/bin/env /usr/bin/cmake --install /home/cmuehrke/ros2/labcegor_ws/src/labcegor/labcegor-bringup/build/labcegor-bringup
