[0.164s] [34mcolcon[0m [1;30mDEBUG[0m [32mCommand line arguments: ['/usr/bin/colcon', 'build', '--symlink-install', '--cmake-args', '-DCMAKE_BUILD_TYPE=Debug', '-DBUILD_TESTING=OFF'][0m
[0.164s] [34mcolcon[0m [1;30mDEBUG[0m [32mParsed command line arguments: Namespace(log_base=None, log_level=None, verb_name='build', build_base='build', install_base='install', merge_install=False, symlink_install=True, test_result_base=None, continue_on_error=False, executor='parallel', parallel_workers=16, event_handlers=None, ignore_user_meta=False, metas=['./colcon.meta'], base_paths=['.'], packages_ignore=None, packages_ignore_regex=None, paths=None, packages_up_to=None, packages_up_to_regex=None, packages_above=None, packages_above_and_dependencies=None, packages_above_depth=None, packages_select_by_dep=None, packages_skip_by_dep=None, packages_skip_up_to=None, packages_select_build_failed=False, packages_skip_build_finished=False, packages_select_test_failures=False, packages_skip_test_passed=False, packages_select=None, packages_skip=None, packages_select_regex=None, packages_skip_regex=None, packages_start=None, packages_end=None, cmake_args=['-DCMAKE_BUILD_TYPE=Debug', '-DBUILD_TESTING=OFF'], cmake_target=None, cmake_target_skip_unavailable=False, cmake_clean_cache=False, cmake_clean_first=False, cmake_force_configure=False, ament_cmake_args=None, catkin_cmake_args=None, catkin_skip_building_tests=False, verb_parser=<colcon_defaults.argument_parser.defaults.DefaultArgumentsDecorator object at 0x7fa30e7ad4f0>, verb_extension=<colcon_core.verb.build.BuildVerb object at 0x7fa30e7ad3a0>, main=<bound method BuildVerb.main of <colcon_core.verb.build.BuildVerb object at 0x7fa30e7ad3a0>>)[0m
[0.244s] [34mcolcon.colcon_core.package_discovery[0m [1;30mLevel 1[0m discover_packages(colcon_meta) check parameters
[0.245s] [34mcolcon.colcon_core.package_discovery[0m [1;30mLevel 1[0m discover_packages(recursive) check parameters
[0.245s] [34mcolcon.colcon_core.package_discovery[0m [1;30mLevel 1[0m discover_packages(ignore) check parameters
[0.245s] [34mcolcon.colcon_core.package_discovery[0m [1;30mLevel 1[0m discover_packages(path) check parameters
[0.245s] [34mcolcon.colcon_core.package_discovery[0m [1;30mLevel 1[0m discover_packages(colcon_meta) discover
[0.245s] [34mcolcon.colcon_core.package_discovery[0m [1;30mLevel 1[0m discover_packages(recursive) discover
[0.245s] [34mcolcon.colcon_core.package_discovery[0m [1;30mINFO[0m Crawling recursively for packages in '/home/cmuehrke/ros2/labcegor_ws/src/labcegor/labcegor-bringup'
[0.245s] [34mcolcon.colcon_core.package_identification[0m [1;30mLevel 1[0m _identify(.) by extensions ['ignore', 'ignore_ament_install']
[0.246s] [34mcolcon.colcon_core.package_identification[0m [1;30mLevel 1[0m _identify(.) by extension 'ignore'
[0.246s] [34mcolcon.colcon_core.package_identification[0m [1;30mLevel 1[0m _identify(.) by extension 'ignore_ament_install'
[0.247s] [34mcolcon.colcon_core.package_identification[0m [1;30mLevel 1[0m _identify(.) by extensions ['colcon_pkg']
[0.247s] [34mcolcon.colcon_core.package_identification[0m [1;30mLevel 1[0m _identify(.) by extension 'colcon_pkg'
[0.247s] [34mcolcon.colcon_core.package_identification[0m [1;30mLevel 1[0m _identify(.) by extensions ['colcon_meta']
[0.247s] [34mcolcon.colcon_core.package_identification[0m [1;30mLevel 1[0m _identify(.) by extension 'colcon_meta'
[0.247s] [34mcolcon.colcon_core.package_identification[0m [1;30mLevel 1[0m _identify(.) by extensions ['ros']
[0.247s] [34mcolcon.colcon_core.package_identification[0m [1;30mLevel 1[0m _identify(.) by extension 'ros'
[0.268s] [34mcolcon.colcon_core.package_identification[0m [1;30mDEBUG[0m [32mPackage '.' with type 'ros.ament_cmake' and name 'labcegor-bringup'[0m
[0.268s] [34mcolcon.colcon_core.package_discovery[0m [1;30mLevel 1[0m discover_packages(recursive) using defaults
[0.268s] [34mcolcon.colcon_core.package_discovery[0m [1;30mLevel 1[0m discover_packages(ignore) discover
[0.268s] [34mcolcon.colcon_core.package_discovery[0m [1;30mLevel 1[0m discover_packages(ignore) using defaults
[0.268s] [34mcolcon.colcon_core.package_discovery[0m [1;30mLevel 1[0m discover_packages(path) discover
[0.268s] [34mcolcon.colcon_core.package_discovery[0m [1;30mLevel 1[0m discover_packages(path) using defaults
[0.279s] [34mcolcon.colcon_core.verb[0m [1;30mLevel 5[0m set package 'labcegor-bringup' build argument 'cmake_args' from command line to '['-DCMAKE_BUILD_TYPE=Debug', '-DBUILD_TESTING=OFF']'
[0.279s] [34mcolcon.colcon_core.verb[0m [1;30mLevel 5[0m set package 'labcegor-bringup' build argument 'cmake_target' from command line to 'None'
[0.279s] [34mcolcon.colcon_core.verb[0m [1;30mLevel 5[0m set package 'labcegor-bringup' build argument 'cmake_target_skip_unavailable' from command line to 'False'
[0.279s] [34mcolcon.colcon_core.verb[0m [1;30mLevel 5[0m set package 'labcegor-bringup' build argument 'cmake_clean_cache' from command line to 'False'
[0.279s] [34mcolcon.colcon_core.verb[0m [1;30mLevel 5[0m set package 'labcegor-bringup' build argument 'cmake_clean_first' from command line to 'False'
[0.279s] [34mcolcon.colcon_core.verb[0m [1;30mLevel 5[0m set package 'labcegor-bringup' build argument 'cmake_force_configure' from command line to 'False'
[0.279s] [34mcolcon.colcon_core.verb[0m [1;30mLevel 5[0m set package 'labcegor-bringup' build argument 'ament_cmake_args' from command line to 'None'
[0.279s] [34mcolcon.colcon_core.verb[0m [1;30mLevel 5[0m set package 'labcegor-bringup' build argument 'catkin_cmake_args' from command line to 'None'
[0.279s] [34mcolcon.colcon_core.verb[0m [1;30mLevel 5[0m set package 'labcegor-bringup' build argument 'catkin_skip_building_tests' from command line to 'False'
[0.279s] [34mcolcon.colcon_core.verb[0m [1;30mDEBUG[0m [32mBuilding package 'labcegor-bringup' with the following arguments: {'ament_cmake_args': None, 'build_base': '/home/cmuehrke/ros2/labcegor_ws/src/labcegor/labcegor-bringup/build/labcegor-bringup', 'catkin_cmake_args': None, 'catkin_skip_building_tests': False, 'cmake_args': ['-DCMAKE_BUILD_TYPE=Debug', '-DBUILD_TESTING=OFF'], 'cmake_clean_cache': False, 'cmake_clean_first': False, 'cmake_force_configure': False, 'cmake_target': None, 'cmake_target_skip_unavailable': False, 'install_base': '/home/cmuehrke/ros2/labcegor_ws/src/labcegor/labcegor-bringup/install/labcegor-bringup', 'merge_install': False, 'path': '/home/cmuehrke/ros2/labcegor_ws/src/labcegor/labcegor-bringup', 'symlink_install': True, 'test_result_base': None}[0m
[0.279s] [34mcolcon.colcon_core.executor[0m [1;30mINFO[0m Executing jobs using 'parallel' executor
[0.280s] [34mcolcon.colcon_parallel_executor.executor.parallel[0m [1;30mDEBUG[0m [32mrun_until_complete[0m
[0.280s] [34mcolcon.colcon_ros.task.ament_cmake.build[0m [1;30mINFO[0m Building ROS package in '/home/cmuehrke/ros2/labcegor_ws/src/labcegor/labcegor-bringup' with build type 'ament_cmake'
[0.280s] [34mcolcon.colcon_cmake.task.cmake.build[0m [1;30mINFO[0m Building CMake package in '/home/cmuehrke/ros2/labcegor_ws/src/labcegor/labcegor-bringup'
[0.281s] [34mcolcon.colcon_core.plugin_system[0m [1;30mINFO[0m Skipping extension 'colcon_core.shell.bat': Not used on non-Windows systems
[0.282s] [34mcolcon.colcon_core.shell[0m [1;30mINFO[0m Skip shell extension 'powershell' for command environment: Not usable outside of PowerShell
[0.282s] [34mcolcon.colcon_core.shell[0m [1;30mDEBUG[0m [32mSkip shell extension 'dsv' for command environment[0m
[0.282s] [34mcolcon.colcon_core.prefix_path.colcon[0m [1;30mWARNING[0m [33mThe path '/home/cmuehrke/ros2/labcegor_ws/install' in the environment variable COLCON_PREFIX_PATH doesn't exist[0m
[0.282s] [34mcolcon.colcon_core.prefix_path.colcon[0m [1;30mWARNING[0m [33mThe path '/home/cmuehrke/ros2/labcegor_ws/src/labcegor_bringup/install' in the environment variable COLCON_PREFIX_PATH doesn't exist[0m
[0.282s] [34mcolcon.colcon_ros.prefix_path.ament[0m [1;30mWARNING[0m [33mThe path '/home/cmuehrke/ros2/labcegor_ws/install/labcegor_bringup' in the environment variable AMENT_PREFIX_PATH doesn't exist[0m
[0.282s] [34mcolcon.colcon_ros.prefix_path.ament[0m [1;30mWARNING[0m [33mThe path '/home/cmuehrke/ros2/labcegor_ws/src/labcegor_bringup/install/labcegor_bringup' in the environment variable AMENT_PREFIX_PATH doesn't exist[0m
[0.297s] [34mcolcon.colcon_ros.prefix_path.catkin[0m [1;30mWARNING[0m [33mThe path '/home/cmuehrke/ros2/labcegor_ws/install/labcegor_bringup' in the environment variable CMAKE_PREFIX_PATH doesn't exist[0m
[0.297s] [34mcolcon.colcon_ros.prefix_path.catkin[0m [1;30mWARNING[0m [33mThe path '/home/cmuehrke/ros2/labcegor_ws/src/labcegor_bringup/install/labcegor_bringup' in the environment variable CMAKE_PREFIX_PATH doesn't exist[0m
[0.379s] [34mcolcon.colcon_core.event_handler.log_command[0m [1;30mDEBUG[0m [32mInvoking command in '/home/cmuehrke/ros2/labcegor_ws/src/labcegor/labcegor-bringup/build/labcegor-bringup': CMAKE_PREFIX_PATH=${CMAKE_PREFIX_PATH}:/home/cmuehrke/ros2/deps_clips_executive_ws/install/rclpy_cascade_lifecycle DEBUGINFOD_URLS=https://debuginfod.fedoraproject.org/ OLDPWD=${OLDPWD}
BASH_FUNC_ml%%=() {  eval "$($LMOD_DIR/ml_cmd "$@")"
}
BASH_FUNC_module%%=() {  if [ -z "${LMOD_SH_DBG_ON+x}" ]; then
 case "$-" in
 *v*x*)
 __lmod_sh_dbg='vx'
 ;;
 *v*)
 __lmod_sh_dbg='v'
 ;;
 *x*)
 __lmod_sh_dbg='x'
 ;;
 esac;
 fi;
 if [ -n "${__lmod_sh_dbg:-}" ]; then
 set +$__lmod_sh_dbg;
 echo "Shell debugging temporarily silenced: export LMOD_SH_DBG_ON=1 for Lmod's output" 1>&2;
 fi;
 eval "$($LMOD_CMD shell "$@")" && eval "$(${LMOD_SETTARG_CMD:-:} -s sh)";
 __lmod_my_status=$?;
 if [ -n "${__lmod_sh_dbg:-}" ]; then
 echo "Shell debugging restarted" 1>&2;
 set -$__lmod_sh_dbg;
 fi;
 unset __lmod_sh_dbg;
 return $__lmod_my_status
} _=/usr/bin/env /usr/bin/cmake --build /home/cmuehrke/ros2/labcegor_ws/src/labcegor/labcegor-bringup/build/labcegor-bringup -- -j16 -l16[0m
[0.468s] [34mcolcon.colcon_core.event_handler.log_command[0m [1;30mDEBUG[0m [32mInvoked command in '/home/cmuehrke/ros2/labcegor_ws/src/labcegor/labcegor-bringup/build/labcegor-bringup' returned '0': CMAKE_PREFIX_PATH=${CMAKE_PREFIX_PATH}:/home/cmuehrke/ros2/deps_clips_executive_ws/install/rclpy_cascade_lifecycle DEBUGINFOD_URLS=https://debuginfod.fedoraproject.org/ OLDPWD=${OLDPWD}
BASH_FUNC_ml%%=() {  eval "$($LMOD_DIR/ml_cmd "$@")"
}
BASH_FUNC_module%%=() {  if [ -z "${LMOD_SH_DBG_ON+x}" ]; then
 case "$-" in
 *v*x*)
 __lmod_sh_dbg='vx'
 ;;
 *v*)
 __lmod_sh_dbg='v'
 ;;
 *x*)
 __lmod_sh_dbg='x'
 ;;
 esac;
 fi;
 if [ -n "${__lmod_sh_dbg:-}" ]; then
 set +$__lmod_sh_dbg;
 echo "Shell debugging temporarily silenced: export LMOD_SH_DBG_ON=1 for Lmod's output" 1>&2;
 fi;
 eval "$($LMOD_CMD shell "$@")" && eval "$(${LMOD_SETTARG_CMD:-:} -s sh)";
 __lmod_my_status=$?;
 if [ -n "${__lmod_sh_dbg:-}" ]; then
 echo "Shell debugging restarted" 1>&2;
 set -$__lmod_sh_dbg;
 fi;
 unset __lmod_sh_dbg;
 return $__lmod_my_status
} _=/usr/bin/env /usr/bin/cmake --build /home/cmuehrke/ros2/labcegor_ws/src/labcegor/labcegor-bringup/build/labcegor-bringup -- -j16 -l16[0m
[0.516s] [34mcolcon.colcon_core.event_handler.log_command[0m [1;30mDEBUG[0m [32mInvoking command in '/home/cmuehrke/ros2/labcegor_ws/src/labcegor/labcegor-bringup/build/labcegor-bringup': CMAKE_PREFIX_PATH=${CMAKE_PREFIX_PATH}:/home/cmuehrke/ros2/deps_clips_executive_ws/install/rclpy_cascade_lifecycle DEBUGINFOD_URLS=https://debuginfod.fedoraproject.org/ OLDPWD=${OLDPWD}
BASH_FUNC_ml%%=() {  eval "$($LMOD_DIR/ml_cmd "$@")"
}
BASH_FUNC_module%%=() {  if [ -z "${LMOD_SH_DBG_ON+x}" ]; then
 case "$-" in
 *v*x*)
 __lmod_sh_dbg='vx'
 ;;
 *v*)
 __lmod_sh_dbg='v'
 ;;
 *x*)
 __lmod_sh_dbg='x'
 ;;
 esac;
 fi;
 if [ -n "${__lmod_sh_dbg:-}" ]; then
 set +$__lmod_sh_dbg;
 echo "Shell debugging temporarily silenced: export LMOD_SH_DBG_ON=1 for Lmod's output" 1>&2;
 fi;
 eval "$($LMOD_CMD shell "$@")" && eval "$(${LMOD_SETTARG_CMD:-:} -s sh)";
 __lmod_my_status=$?;
 if [ -n "${__lmod_sh_dbg:-}" ]; then
 echo "Shell debugging restarted" 1>&2;
 set -$__lmod_sh_dbg;
 fi;
 unset __lmod_sh_dbg;
 return $__lmod_my_status
} _=/usr/bin/env /usr/bin/cmake --install /home/cmuehrke/ros2/labcegor_ws/src/labcegor/labcegor-bringup/build/labcegor-bringup[0m
[0.830s] [34mcolcon.colcon_core.environment[0m [1;30mLevel 1[0m create_environment_scripts_only(labcegor-bringup)
[0.831s] [34mcolcon.colcon_core.event_handler.log_command[0m [1;30mDEBUG[0m [32mInvoked command in '/home/cmuehrke/ros2/labcegor_ws/src/labcegor/labcegor-bringup/build/labcegor-bringup' returned '0': CMAKE_PREFIX_PATH=${CMAKE_PREFIX_PATH}:/home/cmuehrke/ros2/deps_clips_executive_ws/install/rclpy_cascade_lifecycle DEBUGINFOD_URLS=https://debuginfod.fedoraproject.org/ OLDPWD=${OLDPWD}
BASH_FUNC_ml%%=() {  eval "$($LMOD_DIR/ml_cmd "$@")"
}
BASH_FUNC_module%%=() {  if [ -z "${LMOD_SH_DBG_ON+x}" ]; then
 case "$-" in
 *v*x*)
 __lmod_sh_dbg='vx'
 ;;
 *v*)
 __lmod_sh_dbg='v'
 ;;
 *x*)
 __lmod_sh_dbg='x'
 ;;
 esac;
 fi;
 if [ -n "${__lmod_sh_dbg:-}" ]; then
 set +$__lmod_sh_dbg;
 echo "Shell debugging temporarily silenced: export LMOD_SH_DBG_ON=1 for Lmod's output" 1>&2;
 fi;
 eval "$($LMOD_CMD shell "$@")" && eval "$(${LMOD_SETTARG_CMD:-:} -s sh)";
 __lmod_my_status=$?;
 if [ -n "${__lmod_sh_dbg:-}" ]; then
 echo "Shell debugging restarted" 1>&2;
 set -$__lmod_sh_dbg;
 fi;
 unset __lmod_sh_dbg;
 return $__lmod_my_status
} _=/usr/bin/env /usr/bin/cmake --install /home/cmuehrke/ros2/labcegor_ws/src/labcegor/labcegor-bringup/build/labcegor-bringup[0m
[0.832s] [34mcolcon.colcon_core.environment[0m [1;30mLevel 1[0m checking '/home/cmuehrke/ros2/labcegor_ws/src/labcegor/labcegor-bringup/install/labcegor-bringup' for CMake module files
[0.836s] [34mcolcon.colcon_core.environment[0m [1;30mLevel 1[0m checking '/home/cmuehrke/ros2/labcegor_ws/src/labcegor/labcegor-bringup/install/labcegor-bringup' for CMake config files
[0.842s] [34mcolcon.colcon_core.shell[0m [1;30mLevel 1[0m create_environment_hook('labcegor-bringup', 'cmake_prefix_path')
[0.842s] [34mcolcon.colcon_core.shell[0m [1;30mINFO[0m Creating environment hook '/home/cmuehrke/ros2/labcegor_ws/src/labcegor/labcegor-bringup/install/labcegor-bringup/share/labcegor-bringup/hook/cmake_prefix_path.ps1'
[0.846s] [34mcolcon.colcon_core.shell[0m [1;30mINFO[0m Creating environment descriptor '/home/cmuehrke/ros2/labcegor_ws/src/labcegor/labcegor-bringup/install/labcegor-bringup/share/labcegor-bringup/hook/cmake_prefix_path.dsv'
[0.849s] [34mcolcon.colcon_core.shell[0m [1;30mINFO[0m Creating environment hook '/home/cmuehrke/ros2/labcegor_ws/src/labcegor/labcegor-bringup/install/labcegor-bringup/share/labcegor-bringup/hook/cmake_prefix_path.sh'
[0.851s] [34mcolcon.colcon_core.environment[0m [1;30mLevel 1[0m checking '/home/cmuehrke/ros2/labcegor_ws/src/labcegor/labcegor-bringup/install/labcegor-bringup/bin'
[0.851s] [34mcolcon.colcon_core.environment[0m [1;30mLevel 1[0m checking '/home/cmuehrke/ros2/labcegor_ws/src/labcegor/labcegor-bringup/install/labcegor-bringup/lib/pkgconfig/labcegor-bringup.pc'
[0.853s] [34mcolcon.colcon_core.environment[0m [1;30mLevel 1[0m checking '/home/cmuehrke/ros2/labcegor_ws/src/labcegor/labcegor-bringup/install/labcegor-bringup/lib/python3.12/site-packages'
[0.853s] [34mcolcon.colcon_core.environment[0m [1;30mLevel 1[0m checking '/home/cmuehrke/ros2/labcegor_ws/src/labcegor/labcegor-bringup/install/labcegor-bringup/bin'
[0.853s] [34mcolcon.colcon_core.shell[0m [1;30mINFO[0m Creating package script '/home/cmuehrke/ros2/labcegor_ws/src/labcegor/labcegor-bringup/install/labcegor-bringup/share/labcegor-bringup/package.ps1'
[0.856s] [34mcolcon.colcon_core.shell[0m [1;30mINFO[0m Creating package descriptor '/home/cmuehrke/ros2/labcegor_ws/src/labcegor/labcegor-bringup/install/labcegor-bringup/share/labcegor-bringup/package.dsv'
[0.859s] [34mcolcon.colcon_core.shell[0m [1;30mINFO[0m Creating package script '/home/cmuehrke/ros2/labcegor_ws/src/labcegor/labcegor-bringup/install/labcegor-bringup/share/labcegor-bringup/package.sh'
[0.862s] [34mcolcon.colcon_core.shell[0m [1;30mINFO[0m Creating package script '/home/cmuehrke/ros2/labcegor_ws/src/labcegor/labcegor-bringup/install/labcegor-bringup/share/labcegor-bringup/package.bash'
[0.865s] [34mcolcon.colcon_core.shell[0m [1;30mINFO[0m Creating package script '/home/cmuehrke/ros2/labcegor_ws/src/labcegor/labcegor-bringup/install/labcegor-bringup/share/labcegor-bringup/package.zsh'
[0.867s] [34mcolcon.colcon_core.environment[0m [1;30mLevel 1[0m create_file_with_runtime_dependencies(/home/cmuehrke/ros2/labcegor_ws/src/labcegor/labcegor-bringup/install/labcegor-bringup/share/colcon-core/packages/labcegor-bringup)
[0.913s] [34mcolcon.colcon_core.environment[0m [1;30mLevel 1[0m create_environment_scripts_only(labcegor-bringup)
[0.913s] [34mcolcon.colcon_core.environment[0m [1;30mLevel 1[0m checking '/home/cmuehrke/ros2/labcegor_ws/src/labcegor/labcegor-bringup/install/labcegor-bringup' for CMake module files
[0.916s] [34mcolcon.colcon_core.environment[0m [1;30mLevel 1[0m checking '/home/cmuehrke/ros2/labcegor_ws/src/labcegor/labcegor-bringup/install/labcegor-bringup' for CMake config files
[0.923s] [34mcolcon.colcon_core.shell[0m [1;30mLevel 1[0m create_environment_hook('labcegor-bringup', 'cmake_prefix_path')
[0.923s] [34mcolcon.colcon_core.shell[0m [1;30mINFO[0m Creating environment hook '/home/cmuehrke/ros2/labcegor_ws/src/labcegor/labcegor-bringup/install/labcegor-bringup/share/labcegor-bringup/hook/cmake_prefix_path.ps1'
[0.925s] [34mcolcon.colcon_core.shell[0m [1;30mINFO[0m Creating environment descriptor '/home/cmuehrke/ros2/labcegor_ws/src/labcegor/labcegor-bringup/install/labcegor-bringup/share/labcegor-bringup/hook/cmake_prefix_path.dsv'
[0.928s] [34mcolcon.colcon_core.shell[0m [1;30mINFO[0m Creating environment hook '/home/cmuehrke/ros2/labcegor_ws/src/labcegor/labcegor-bringup/install/labcegor-bringup/share/labcegor-bringup/hook/cmake_prefix_path.sh'
[0.930s] [34mcolcon.colcon_core.environment[0m [1;30mLevel 1[0m checking '/home/cmuehrke/ros2/labcegor_ws/src/labcegor/labcegor-bringup/install/labcegor-bringup/bin'
[0.930s] [34mcolcon.colcon_core.environment[0m [1;30mLevel 1[0m checking '/home/cmuehrke/ros2/labcegor_ws/src/labcegor/labcegor-bringup/install/labcegor-bringup/lib/pkgconfig/labcegor-bringup.pc'
[0.931s] [34mcolcon.colcon_core.environment[0m [1;30mLevel 1[0m checking '/home/cmuehrke/ros2/labcegor_ws/src/labcegor/labcegor-bringup/install/labcegor-bringup/lib/python3.12/site-packages'
[0.931s] [34mcolcon.colcon_core.environment[0m [1;30mLevel 1[0m checking '/home/cmuehrke/ros2/labcegor_ws/src/labcegor/labcegor-bringup/install/labcegor-bringup/bin'
[0.931s] [34mcolcon.colcon_core.shell[0m [1;30mINFO[0m Creating package script '/home/cmuehrke/ros2/labcegor_ws/src/labcegor/labcegor-bringup/install/labcegor-bringup/share/labcegor-bringup/package.ps1'
[0.934s] [34mcolcon.colcon_core.shell[0m [1;30mINFO[0m Creating package descriptor '/home/cmuehrke/ros2/labcegor_ws/src/labcegor/labcegor-bringup/install/labcegor-bringup/share/labcegor-bringup/package.dsv'
[0.936s] [34mcolcon.colcon_core.shell[0m [1;30mINFO[0m Creating package script '/home/cmuehrke/ros2/labcegor_ws/src/labcegor/labcegor-bringup/install/labcegor-bringup/share/labcegor-bringup/package.sh'
[0.938s] [34mcolcon.colcon_core.shell[0m [1;30mINFO[0m Creating package script '/home/cmuehrke/ros2/labcegor_ws/src/labcegor/labcegor-bringup/install/labcegor-bringup/share/labcegor-bringup/package.bash'
[0.941s] [34mcolcon.colcon_core.shell[0m [1;30mINFO[0m Creating package script '/home/cmuehrke/ros2/labcegor_ws/src/labcegor/labcegor-bringup/install/labcegor-bringup/share/labcegor-bringup/package.zsh'
[0.943s] [34mcolcon.colcon_core.environment[0m [1;30mLevel 1[0m create_file_with_runtime_dependencies(/home/cmuehrke/ros2/labcegor_ws/src/labcegor/labcegor-bringup/install/labcegor-bringup/share/colcon-core/packages/labcegor-bringup)
[0.944s] [34mcolcon.colcon_parallel_executor.executor.parallel[0m [1;30mDEBUG[0m [32mclosing loop[0m
[0.944s] [34mcolcon.colcon_parallel_executor.executor.parallel[0m [1;30mDEBUG[0m [32mloop closed[0m
[0.944s] [34mcolcon.colcon_parallel_executor.executor.parallel[0m [1;30mDEBUG[0m [32mrun_until_complete finished with '0'[0m
[0.944s] [34mcolcon.colcon_core.event_reactor[0m [1;30mDEBUG[0m [32mjoining thread[0m
[0.958s] [34mcolcon.colcon_core.plugin_system[0m [1;30mINFO[0m Skipping extension 'colcon_notification.desktop_notification.terminal_notifier': Not used on non-Darwin systems
[0.958s] [34mcolcon.colcon_core.plugin_system[0m [1;30mINFO[0m Skipping extension 'colcon_notification.desktop_notification.win32': Not used on non-Windows systems
[0.958s] [34mcolcon.colcon_notification.desktop_notification[0m [1;30mINFO[0m Sending desktop notification using 'notify2'
[0.959s] [34mcolcon.colcon_notification.desktop_notification.notify2[0m [1;30mDEBUG[0m [32mFailed to initialize notify2: org.freedesktop.DBus.Error.ServiceUnknown: The name is not activatable[0m
[0.959s] [34mcolcon.colcon_core.event_reactor[0m [1;30mDEBUG[0m [32mjoined thread[0m
[0.959s] [34mcolcon.colcon_core.shell[0m [1;30mINFO[0m Creating prefix script '/home/cmuehrke/ros2/labcegor_ws/src/labcegor/labcegor-bringup/install/local_setup.ps1'
[0.963s] [34mcolcon.colcon_core.shell[0m [1;30mINFO[0m Creating prefix util module '/home/cmuehrke/ros2/labcegor_ws/src/labcegor/labcegor-bringup/install/_local_setup_util_ps1.py'
[0.966s] [34mcolcon.colcon_core.shell[0m [1;30mINFO[0m Creating prefix chain script '/home/cmuehrke/ros2/labcegor_ws/src/labcegor/labcegor-bringup/install/setup.ps1'
[0.981s] [34mcolcon.colcon_core.shell[0m [1;30mINFO[0m Creating prefix script '/home/cmuehrke/ros2/labcegor_ws/src/labcegor/labcegor-bringup/install/local_setup.sh'
[0.984s] [34mcolcon.colcon_core.shell[0m [1;30mINFO[0m Creating prefix util module '/home/cmuehrke/ros2/labcegor_ws/src/labcegor/labcegor-bringup/install/_local_setup_util_sh.py'
[0.986s] [34mcolcon.colcon_core.shell[0m [1;30mINFO[0m Creating prefix chain script '/home/cmuehrke/ros2/labcegor_ws/src/labcegor/labcegor-bringup/install/setup.sh'
[1.001s] [34mcolcon.colcon_core.shell[0m [1;30mINFO[0m Creating prefix script '/home/cmuehrke/ros2/labcegor_ws/src/labcegor/labcegor-bringup/install/local_setup.bash'
[1.004s] [34mcolcon.colcon_core.shell[0m [1;30mINFO[0m Creating prefix chain script '/home/cmuehrke/ros2/labcegor_ws/src/labcegor/labcegor-bringup/install/setup.bash'
[1.018s] [34mcolcon.colcon_core.shell[0m [1;30mINFO[0m Creating prefix script '/home/cmuehrke/ros2/labcegor_ws/src/labcegor/labcegor-bringup/install/local_setup.zsh'
[1.021s] [34mcolcon.colcon_core.shell[0m [1;30mINFO[0m Creating prefix chain script '/home/cmuehrke/ros2/labcegor_ws/src/labcegor/labcegor-bringup/install/setup.zsh'
