[0.046s] Invoking command in '/home/cmuehrke/ros2/labcegor_ws/src/labcegor/labcegor-bringup/build/labcegor-bringup': CMAKE_PREFIX_PATH=${CMAKE_PREFIX_PATH}:/home/cmuehrke/ros2/deps_clips_executive_ws/install/rclpy_cascade_lifecycle DEBUGINFOD_URLS=https://debuginfod.fedoraproject.org/ OLDPWD=${OLDPWD}
BASH_FUNC_ml%%=() {  eval "$($LMOD_DIR/ml_cmd "$@")"
}
BASH_FUNC_module%%=() {  if [ -z "${LMOD_SH_DBG_ON+x}" ]; then
 case "$-" in
 *v*x*)
 __lmod_sh_dbg='vx'
 ;;
 *v*)
 __lmod_sh_dbg='v'
 ;;
 *x*)
 __lmod_sh_dbg='x'
 ;;
 esac;
 fi;
 if [ -n "${__lmod_sh_dbg:-}" ]; then
 set +$__lmod_sh_dbg;
 echo "Shell debugging temporarily silenced: export LMOD_SH_DBG_ON=1 for Lmod's output" 1>&2;
 fi;
 eval "$($LMOD_CMD shell "$@")" && eval "$(${LMOD_SETTARG_CMD:-:} -s sh)";
 __lmod_my_status=$?;
 if [ -n "${__lmod_sh_dbg:-}" ]; then
 echo "Shell debugging restarted" 1>&2;
 set -$__lmod_sh_dbg;
 fi;
 unset __lmod_sh_dbg;
 return $__lmod_my_status
} _=/usr/bin/env /usr/bin/cmake --build /home/cmuehrke/ros2/labcegor_ws/src/labcegor/labcegor-bringup/build/labcegor-bringup -- -j16 -l16
[0.103s] Invoked command in '/home/cmuehrke/ros2/labcegor_ws/src/labcegor/labcegor-bringup/build/labcegor-bringup' returned '0': CMAKE_PREFIX_PATH=${CMAKE_PREFIX_PATH}:/home/cmuehrke/ros2/deps_clips_executive_ws/install/rclpy_cascade_lifecycle DEBUGINFOD_URLS=https://debuginfod.fedoraproject.org/ OLDPWD=${OLDPWD}
BASH_FUNC_ml%%=() {  eval "$($LMOD_DIR/ml_cmd "$@")"
}
BASH_FUNC_module%%=() {  if [ -z "${LMOD_SH_DBG_ON+x}" ]; then
 case "$-" in
 *v*x*)
 __lmod_sh_dbg='vx'
 ;;
 *v*)
 __lmod_sh_dbg='v'
 ;;
 *x*)
 __lmod_sh_dbg='x'
 ;;
 esac;
 fi;
 if [ -n "${__lmod_sh_dbg:-}" ]; then
 set +$__lmod_sh_dbg;
 echo "Shell debugging temporarily silenced: export LMOD_SH_DBG_ON=1 for Lmod's output" 1>&2;
 fi;
 eval "$($LMOD_CMD shell "$@")" && eval "$(${LMOD_SETTARG_CMD:-:} -s sh)";
 __lmod_my_status=$?;
 if [ -n "${__lmod_sh_dbg:-}" ]; then
 echo "Shell debugging restarted" 1>&2;
 set -$__lmod_sh_dbg;
 fi;
 unset __lmod_sh_dbg;
 return $__lmod_my_status
} _=/usr/bin/env /usr/bin/cmake --build /home/cmuehrke/ros2/labcegor_ws/src/labcegor/labcegor-bringup/build/labcegor-bringup -- -j16 -l16
[0.150s] Invoking command in '/home/cmuehrke/ros2/labcegor_ws/src/labcegor/labcegor-bringup/build/labcegor-bringup': CMAKE_PREFIX_PATH=${CMAKE_PREFIX_PATH}:/home/cmuehrke/ros2/deps_clips_executive_ws/install/rclpy_cascade_lifecycle DEBUGINFOD_URLS=https://debuginfod.fedoraproject.org/ OLDPWD=${OLDPWD}
BASH_FUNC_ml%%=() {  eval "$($LMOD_DIR/ml_cmd "$@")"
}
BASH_FUNC_module%%=() {  if [ -z "${LMOD_SH_DBG_ON+x}" ]; then
 case "$-" in
 *v*x*)
 __lmod_sh_dbg='vx'
 ;;
 *v*)
 __lmod_sh_dbg='v'
 ;;
 *x*)
 __lmod_sh_dbg='x'
 ;;
 esac;
 fi;
 if [ -n "${__lmod_sh_dbg:-}" ]; then
 set +$__lmod_sh_dbg;
 echo "Shell debugging temporarily silenced: export LMOD_SH_DBG_ON=1 for Lmod's output" 1>&2;
 fi;
 eval "$($LMOD_CMD shell "$@")" && eval "$(${LMOD_SETTARG_CMD:-:} -s sh)";
 __lmod_my_status=$?;
 if [ -n "${__lmod_sh_dbg:-}" ]; then
 echo "Shell debugging restarted" 1>&2;
 set -$__lmod_sh_dbg;
 fi;
 unset __lmod_sh_dbg;
 return $__lmod_my_status
} _=/usr/bin/env /usr/bin/cmake --install /home/cmuehrke/ros2/labcegor_ws/src/labcegor/labcegor-bringup/build/labcegor-bringup
[0.161s] -- Install configuration: "Debug"
[0.164s] -- Execute custom install script
[0.168s] -- Up-to-date symlink: /home/cmuehrke/ros2/labcegor_ws/src/labcegor/labcegor-bringup/install/labcegor-bringup/share/labcegor-bringup/launch/cx_launch.py
[0.170s] -- Up-to-date symlink: /home/cmuehrke/ros2/labcegor_ws/src/labcegor/labcegor-bringup/install/labcegor-bringup/share/labcegor-bringup/params/config.yaml
[0.174s] -- Up-to-date symlink: /home/cmuehrke/ros2/labcegor_ws/src/labcegor/labcegor-bringup/install/labcegor-bringup/share/labcegor-bringup/clips/labcegor-bringup//config.clp
[0.176s] -- Up-to-date symlink: /home/cmuehrke/ros2/labcegor_ws/src/labcegor/labcegor-bringup/install/labcegor-bringup/share/labcegor-bringup/clips/labcegor-bringup//ros_msg.clp
[0.178s] -- Up-to-date symlink: /home/cmuehrke/ros2/labcegor_ws/src/labcegor/labcegor-bringup/install/labcegor-bringup/share/labcegor-bringup/clips/labcegor-bringup//turtle_rider.clp
[0.180s] -- Up-to-date symlink: /home/cmuehrke/ros2/labcegor_ws/src/labcegor/labcegor-bringup/install/labcegor-bringup/share/ament_index/resource_index/package_run_dependencies/labcegor-bringup
[0.182s] -- Up-to-date symlink: /home/cmuehrke/ros2/labcegor_ws/src/labcegor/labcegor-bringup/install/labcegor-bringup/share/ament_index/resource_index/parent_prefix_path/labcegor-bringup
[0.184s] -- Up-to-date symlink: /home/cmuehrke/ros2/labcegor_ws/src/labcegor/labcegor-bringup/install/labcegor-bringup/share/labcegor-bringup/environment/ament_prefix_path.sh
[0.185s] -- Up-to-date symlink: /home/cmuehrke/ros2/labcegor_ws/src/labcegor/labcegor-bringup/install/labcegor-bringup/share/labcegor-bringup/environment/ament_prefix_path.dsv
[0.187s] -- Up-to-date symlink: /home/cmuehrke/ros2/labcegor_ws/src/labcegor/labcegor-bringup/install/labcegor-bringup/share/labcegor-bringup/environment/path.sh
[0.188s] -- Up-to-date symlink: /home/cmuehrke/ros2/labcegor_ws/src/labcegor/labcegor-bringup/install/labcegor-bringup/share/labcegor-bringup/environment/path.dsv
[0.190s] -- Up-to-date symlink: /home/cmuehrke/ros2/labcegor_ws/src/labcegor/labcegor-bringup/install/labcegor-bringup/share/labcegor-bringup/local_setup.bash
[0.192s] -- Up-to-date symlink: /home/cmuehrke/ros2/labcegor_ws/src/labcegor/labcegor-bringup/install/labcegor-bringup/share/labcegor-bringup/local_setup.sh
[0.193s] -- Up-to-date symlink: /home/cmuehrke/ros2/labcegor_ws/src/labcegor/labcegor-bringup/install/labcegor-bringup/share/labcegor-bringup/local_setup.zsh
[0.195s] -- Up-to-date symlink: /home/cmuehrke/ros2/labcegor_ws/src/labcegor/labcegor-bringup/install/labcegor-bringup/share/labcegor-bringup/local_setup.dsv
[0.196s] -- Symlinking: /home/cmuehrke/ros2/labcegor_ws/src/labcegor/labcegor-bringup/install/labcegor-bringup/share/labcegor-bringup/package.dsv
[0.211s] -- Up-to-date symlink: /home/cmuehrke/ros2/labcegor_ws/src/labcegor/labcegor-bringup/install/labcegor-bringup/share/ament_index/resource_index/packages/labcegor-bringup
[0.213s] -- Up-to-date symlink: /home/cmuehrke/ros2/labcegor_ws/src/labcegor/labcegor-bringup/install/labcegor-bringup/share/labcegor-bringup/cmake/labcegor-bringupConfig.cmake
[0.215s] -- Up-to-date symlink: /home/cmuehrke/ros2/labcegor_ws/src/labcegor/labcegor-bringup/install/labcegor-bringup/share/labcegor-bringup/cmake/labcegor-bringupConfig-version.cmake
[0.217s] -- Up-to-date symlink: /home/cmuehrke/ros2/labcegor_ws/src/labcegor/labcegor-bringup/install/labcegor-bringup/share/labcegor-bringup/package.xml
[0.219s] Invoked command in '/home/cmuehrke/ros2/labcegor_ws/src/labcegor/labcegor-bringup/build/labcegor-bringup' returned '0': CMAKE_PREFIX_PATH=${CMAKE_PREFIX_PATH}:/home/cmuehrke/ros2/deps_clips_executive_ws/install/rclpy_cascade_lifecycle DEBUGINFOD_URLS=https://debuginfod.fedoraproject.org/ OLDPWD=${OLDPWD}
BASH_FUNC_ml%%=() {  eval "$($LMOD_DIR/ml_cmd "$@")"
}
BASH_FUNC_module%%=() {  if [ -z "${LMOD_SH_DBG_ON+x}" ]; then
 case "$-" in
 *v*x*)
 __lmod_sh_dbg='vx'
 ;;
 *v*)
 __lmod_sh_dbg='v'
 ;;
 *x*)
 __lmod_sh_dbg='x'
 ;;
 esac;
 fi;
 if [ -n "${__lmod_sh_dbg:-}" ]; then
 set +$__lmod_sh_dbg;
 echo "Shell debugging temporarily silenced: export LMOD_SH_DBG_ON=1 for Lmod's output" 1>&2;
 fi;
 eval "$($LMOD_CMD shell "$@")" && eval "$(${LMOD_SETTARG_CMD:-:} -s sh)";
 __lmod_my_status=$?;
 if [ -n "${__lmod_sh_dbg:-}" ]; then
 echo "Shell debugging restarted" 1>&2;
 set -$__lmod_sh_dbg;
 fi;
 unset __lmod_sh_dbg;
 return $__lmod_my_status
} _=/usr/bin/env /usr/bin/cmake --install /home/cmuehrke/ros2/labcegor_ws/src/labcegor/labcegor-bringup/build/labcegor-bringup
